<?xml version="1.0" encoding="UTF-8"?>
<!-- Generated by org.testng.reporters.JUnitReportReporter -->
<testsuite hostname="DESKTOP-9AO2ELS" failures="0" tests="4" name="runner.RunnerActitimeloginDdt" time="0.206" errors="0" timestamp="2024-12-12T08:22:23 IST" skipped="0">
  <testcase classname="runner.RunnerActitimeloginDdt" name="runScenario" time="0.012"/>
  <system-out/>
  <testcase classname="runner.RunnerActitimeloginDdt" name="runScenario" time="0.014"/>
  <system-out/>
  <testcase classname="runner.RunnerActitimeloginDdt" name="runScenario" time="0.013"/>
  <system-out/>
  <testcase classname="runner.RunnerActitimeloginDdt" name="runScenario" time="0.167"/>
  <system-out/>
</testsuite> <!-- runner.RunnerActitimeloginDdt -->
