<?xml version="1.0" encoding="UTF-8"?>
<!-- Generated by org.testng.reporters.JUnitReportReporter -->
<testsuite hostname="DESKTOP-9AO2ELS" failures="0" tests="1" name="runner.Runner" time="0.105" errors="0" timestamp="2024-12-10T15:51:14 IST" skipped="0">
  <testcase classname="runner.Runner" name="runScenario" time="0.105"/>
  <system-out/>
</testsuite> <!-- runner.Runner -->
