<?xml version="1.0" encoding="UTF-8"?>
<!-- Generated by org.testng.reporters.JUnitReportReporter -->
<testsuite hostname="DESKTOP-9AO2ELS" failures="0" tests="1" name="runner.RunnerClass" time="0.067" errors="0" timestamp="2024-12-10T16:23:18 IST" skipped="0">
  <testcase classname="runner.RunnerClass" name="runScenario" time="0.067"/>
  <system-out/>
</testsuite> <!-- runner.RunnerClass -->
